0 info it worked if it ends with ok
1 verbose cli [ 'node',
1 verbose cli   '/home/wine/.meteor/packages/meteor-tool/.1.3.1.6yhl3g++os.linux.x86_64+web.browser+web.cordova/mt-os.linux.x86_64/dev_bundle/bin/npm',
1 verbose cli   'install',
1 verbose cli   '--save',
1 verbose cli   'picker.js' ]
2 info using npm@2.14.22
3 info using node@v0.10.43
4 verbose install initial load of /home/wine/Development/clas.si/package.json
5 verbose installManyTop reading scoped package data from /home/wine/Development/clas.si/node_modules/hammerjs/package.json
6 verbose installManyTop reading scoped package data from /home/wine/Development/clas.si/node_modules/jquery/package.json
7 verbose readDependencies loading dependencies from /home/wine/Development/clas.si/package.json
8 silly cache add args [ 'picker.js', null ]
9 verbose cache add spec picker.js
10 silly cache add parsed spec { raw: 'picker.js',
10 silly cache add   scope: null,
10 silly cache add   name: 'picker.js',
10 silly cache add   rawSpec: '',
10 silly cache add   spec: 'latest',
10 silly cache add   type: 'tag' }
11 silly addNamed picker.js@latest
12 verbose addNamed "latest" is being treated as a dist-tag for picker.js
13 info addNameTag [ 'picker.js', 'latest' ]
14 silly mapToRegistry name picker.js
15 silly mapToRegistry using default registry
16 silly mapToRegistry registry https://registry.npmjs.org/
17 silly mapToRegistry uri https://registry.npmjs.org/picker.js
18 verbose addNameTag registry:https://registry.npmjs.org/picker.js not in flight; fetching
19 verbose request uri https://registry.npmjs.org/picker.js
20 verbose request no auth needed
21 info attempt registry request try #1 at 10:36:25
22 verbose request id fc6ab2aa9a82c0e0
23 http request GET https://registry.npmjs.org/picker.js
24 http 404 https://registry.npmjs.org/picker.js
25 verbose headers { 'content-type': 'application/json',
25 verbose headers   'cache-control': 'max-age=0',
25 verbose headers   'content-length': '2',
25 verbose headers   'accept-ranges': 'bytes',
25 verbose headers   date: 'Mon, 11 Apr 2016 14:36:25 GMT',
25 verbose headers   via: '1.1 varnish',
25 verbose headers   age: '0',
25 verbose headers   connection: 'keep-alive',
25 verbose headers   'x-served-by': 'cache-dfw1837-DFW',
25 verbose headers   'x-cache': 'MISS',
25 verbose headers   'x-cache-hits': '0',
25 verbose headers   'x-timer': 'S1460385385.789305,VS0,VE199',
25 verbose headers   vary: 'Accept-Encoding' }
26 silly get cb [ 404,
26 silly get   { 'content-type': 'application/json',
26 silly get     'cache-control': 'max-age=0',
26 silly get     'content-length': '2',
26 silly get     'accept-ranges': 'bytes',
26 silly get     date: 'Mon, 11 Apr 2016 14:36:25 GMT',
26 silly get     via: '1.1 varnish',
26 silly get     age: '0',
26 silly get     connection: 'keep-alive',
26 silly get     'x-served-by': 'cache-dfw1837-DFW',
26 silly get     'x-cache': 'MISS',
26 silly get     'x-cache-hits': '0',
26 silly get     'x-timer': 'S1460385385.789305,VS0,VE199',
26 silly get     vary: 'Accept-Encoding' } ]
27 verbose stack Error: Registry returned 404 for GET on https://registry.npmjs.org/picker.js
27 verbose stack     at makeError (/home/wine/.meteor/packages/meteor-tool/.1.3.1.6yhl3g++os.linux.x86_64+web.browser+web.cordova/mt-os.linux.x86_64/dev_bundle/lib/node_modules/npm/node_modules/npm-registry-client/lib/request.js:264:12)
27 verbose stack     at CachingRegistryClient.<anonymous> (/home/wine/.meteor/packages/meteor-tool/.1.3.1.6yhl3g++os.linux.x86_64+web.browser+web.cordova/mt-os.linux.x86_64/dev_bundle/lib/node_modules/npm/node_modules/npm-registry-client/lib/request.js:242:14)
27 verbose stack     at Request._callback (/home/wine/.meteor/packages/meteor-tool/.1.3.1.6yhl3g++os.linux.x86_64+web.browser+web.cordova/mt-os.linux.x86_64/dev_bundle/lib/node_modules/npm/node_modules/npm-registry-client/lib/request.js:172:14)
27 verbose stack     at Request.self.callback (/home/wine/.meteor/packages/meteor-tool/.1.3.1.6yhl3g++os.linux.x86_64+web.browser+web.cordova/mt-os.linux.x86_64/dev_bundle/lib/node_modules/npm/node_modules/request/request.js:199:22)
27 verbose stack     at Request.emit (events.js:98:17)
27 verbose stack     at Request.<anonymous> (/home/wine/.meteor/packages/meteor-tool/.1.3.1.6yhl3g++os.linux.x86_64+web.browser+web.cordova/mt-os.linux.x86_64/dev_bundle/lib/node_modules/npm/node_modules/request/request.js:1036:10)
27 verbose stack     at Request.emit (events.js:117:20)
27 verbose stack     at IncomingMessage.<anonymous> (/home/wine/.meteor/packages/meteor-tool/.1.3.1.6yhl3g++os.linux.x86_64+web.browser+web.cordova/mt-os.linux.x86_64/dev_bundle/lib/node_modules/npm/node_modules/request/request.js:963:12)
27 verbose stack     at IncomingMessage.emit (events.js:117:20)
27 verbose stack     at _stream_readable.js:944:16
28 verbose statusCode 404
29 verbose pkgid picker.js
30 verbose cwd /home/wine/Development/clas.si
31 error Linux 3.19.0-25-generic
32 error argv "node" "/home/wine/.meteor/packages/meteor-tool/.1.3.1.6yhl3g++os.linux.x86_64+web.browser+web.cordova/mt-os.linux.x86_64/dev_bundle/bin/npm" "install" "--save" "picker.js"
33 error node v0.10.43
34 error npm  v2.14.22
35 error code E404
36 error 404 Registry returned 404 for GET on https://registry.npmjs.org/picker.js
36 error 404
36 error 404 'picker.js' is not in the npm registry.
36 error 404 You should bug the author to publish it (or use the name yourself!)
36 error 404 It was specified as a dependency of 'recipe'
36 error 404
36 error 404 Note that you can also install from a
36 error 404 tarball, folder, http url, or git url.
37 verbose exit [ 1, true ]
